Using pre-set license
Built from '2021.3/staging' branch; Version is '2021.3.21f1 (1b156197d683) revision 1774945'; Using compiler version '192829333'; Build Type 'Release'
OS: 'Windows 10  (10.0.19045) 64bit Core' Language: 'en' Physical Memory: 16190 MB
BatchMode: 1, IsHumanControllingUs: 0, StartBugReporterOnCrash: 0, Is64bit: 1, IsPro: 1

COMMAND LINE ARGUMENTS:
D:\2021.3.21f1\Editor\Unity.exe
-adb2
-batchMode
-noUpm
-name
AssetImportWorker2
-projectPath
A:/Ano4/DESDJ/FindingHope/FindingHopeProject
-logFile
Logs/AssetImportWorker2.log
-srvPort
50127
Successfully changed project path to: A:/Ano4/DESDJ/FindingHope/FindingHopeProject
A:/Ano4/DESDJ/FindingHope/FindingHopeProject
[UnityMemory] Configuration Parameters - Can be set up in boot.config
    "memorysetup-bucket-allocator-granularity=16"
    "memorysetup-bucket-allocator-bucket-count=8"
    "memorysetup-bucket-allocator-block-size=33554432"
    "memorysetup-bucket-allocator-block-count=8"
    "memorysetup-main-allocator-block-size=16777216"
    "memorysetup-thread-allocator-block-size=16777216"
    "memorysetup-gfx-main-allocator-block-size=16777216"
    "memorysetup-gfx-thread-allocator-block-size=16777216"
    "memorysetup-cache-allocator-block-size=4194304"
    "memorysetup-typetree-allocator-block-size=2097152"
    "memorysetup-profiler-bucket-allocator-granularity=16"
    "memorysetup-profiler-bucket-allocator-bucket-count=8"
    "memorysetup-profiler-bucket-allocator-block-size=33554432"
    "memorysetup-profiler-bucket-allocator-block-count=8"
    "memorysetup-profiler-allocator-block-size=16777216"
    "memorysetup-profiler-editor-allocator-block-size=1048576"
    "memorysetup-temp-allocator-size-main=16777216"
    "memorysetup-job-temp-allocator-block-size=2097152"
    "memorysetup-job-temp-allocator-block-size-background=1048576"
    "memorysetup-job-temp-allocator-reduction-small-platforms=262144"
    "memorysetup-temp-allocator-size-background-worker=32768"
    "memorysetup-temp-allocator-size-job-worker=262144"
    "memorysetup-temp-allocator-size-preload-manager=33554432"
    "memorysetup-temp-allocator-size-nav-mesh-worker=65536"
    "memorysetup-temp-allocator-size-audio-worker=65536"
    "memorysetup-temp-allocator-size-cloud-worker=32768"
    "memorysetup-temp-allocator-size-gi-baking-worker=262144"
    "memorysetup-temp-allocator-size-gfx=262144"
Player connection [8856] Host "[IP] 192.168.1.69 [Port] 0 [Flags] 2 [Guid] 1770458109 [EditorId] 1770458109 [Version] 1048832 [Id] WindowsEditor(7,LAPTOP-H91IS5NJ) [Debug] 1 [PackageName] WindowsEditor [ProjectName] Editor" joined multi-casting on [225.0.0.222:54997]...

Player connection [8856] Host "[IP] 192.168.1.69 [Port] 0 [Flags] 2 [Guid] 1770458109 [EditorId] 1770458109 [Version] 1048832 [Id] WindowsEditor(7,LAPTOP-H91IS5NJ) [Debug] 1 [PackageName] WindowsEditor [ProjectName] Editor" joined alternative multi-casting on [225.0.0.222:34997]...

Refreshing native plugins compatible for Editor in 230.63 ms, found 6 plugins.
Preloading 0 native plugins for Editor in 0.00 ms.
Initialize engine version: 2021.3.21f1 (1b156197d683)
[Subsystems] Discovering subsystems at path D:/2021.3.21f1/Editor/Data/Resources/UnitySubsystems
[Subsystems] Discovering subsystems at path A:/Ano4/DESDJ/FindingHope/FindingHopeProject/Assets
GfxDevice: creating device client; threaded=0; jobified=0
Direct3D:
    Version:  Direct3D 11.0 [level 11.1]
    Renderer: NVIDIA GeForce GTX 1050 (ID=0x1c8d)
    Vendor:   NVIDIA
    VRAM:     4018 MB
    Driver:   31.0.15.2892
Initialize mono
Mono path[0] = 'D:/2021.3.21f1/Editor/Data/Managed'
Mono path[1] = 'D:/2021.3.21f1/Editor/Data/MonoBleedingEdge/lib/mono/unityjit-win32'
Mono config path = 'D:/2021.3.21f1/Editor/Data/MonoBleedingEdge/etc'
Using monoOptions --debugger-agent=transport=dt_socket,embedding=1,server=y,suspend=n,address=127.0.0.1:56884
Begin MonoManager ReloadAssembly
Registering precompiled unity dll's ...
Register platform support module: D:/2021.3.21f1/Editor/Data/PlaybackEngines/WebGLSupport/UnityEditor.WebGL.Extensions.dll
Register platform support module: D:/2021.3.21f1/Editor/Data/PlaybackEngines/WindowsStandaloneSupport/UnityEditor.WindowsStandalone.Extensions.dll
Register platform support module: D:/2021.3.21f1/Editor/Data/PlaybackEngines/MetroSupport/UnityEditor.UWP.Extensions.dll
Registered in 0.004567 seconds.
Native extension for UWP target not found
Native extension for WindowsStandalone target not found
Native extension for WebGL target not found
Refreshing native plugins compatible for Editor in 177.06 ms, found 6 plugins.
Preloading 0 native plugins for Editor in 0.00 ms.
Mono: successfully reloaded assembly
- Completed reload, in  0.874 seconds
Domain Reload Profiling:
	ReloadAssembly (874ms)
		BeginReloadAssembly (101ms)
			ExecutionOrderSort (0ms)
			DisableScriptedObjects (0ms)
			BackupInstance (0ms)
			ReleaseScriptingObjects (0ms)
			CreateAndSetChildDomain (1ms)
		EndReloadAssembly (660ms)
			LoadAssemblies (103ms)
			RebuildTransferFunctionScriptingTraits (0ms)
			SetupTypeCache (177ms)
			ReleaseScriptCaches (0ms)
			RebuildScriptCaches (33ms)
			SetupLoadedEditorAssemblies (390ms)
				LogAssemblyErrors (0ms)
				InitializePlatformSupportModulesInManaged (8ms)
				SetLoadedEditorAssemblies (0ms)
				RefreshPlugins (177ms)
				BeforeProcessingInitializeOnLoad (1ms)
				ProcessInitializeOnLoadAttributes (150ms)
				ProcessInitializeOnLoadMethodAttributes (53ms)
				AfterProcessingInitializeOnLoad (0ms)
				EditorAssembliesLoaded (0ms)
			ExecutionOrderSort2 (0ms)
			AwakeInstancesAfterBackupRestoration (0ms)
Platform modules already initialized, skipping
Registering precompiled user dll's ...
Registered in 0.014397 seconds.
Begin MonoManager ReloadAssembly
Symbol file LoadedFromMemory doesn't match image A:\Ano4\DESDJ\FindingHope\FindingHopeProject\Library\PackageCache\com.unity.visualscripting@1.8.0\Editor\VisualScripting.Core\Dependencies\DotNetZip\Unity.VisualScripting.IonicZip.dll
Symbol file LoadedFromMemory is not a mono symbol file
Symbol file LoadedFromMemory doesn't match image A:\Ano4\DESDJ\FindingHope\FindingHopeProject\Library\PackageCache\com.unity.visualscripting@1.8.0\Editor\VisualScripting.Core\Dependencies\YamlDotNet\Unity.VisualScripting.YamlDotNet.dll
Native extension for UWP target not found
Native extension for WindowsStandalone target not found
Native extension for WebGL target not found
Refreshing native plugins compatible for Editor in 183.02 ms, found 6 plugins.
Preloading 0 native plugins for Editor in 0.00 ms.
Mono: successfully reloaded assembly
- Completed reload, in 10.887 seconds
Domain Reload Profiling:
	ReloadAssembly (10888ms)
		BeginReloadAssembly (144ms)
			ExecutionOrderSort (0ms)
			DisableScriptedObjects (8ms)
			BackupInstance (0ms)
			ReleaseScriptingObjects (0ms)
			CreateAndSetChildDomain (25ms)
		EndReloadAssembly (10510ms)
			LoadAssemblies (8360ms)
			RebuildTransferFunctionScriptingTraits (0ms)
			SetupTypeCache (910ms)
			ReleaseScriptCaches (1ms)
			RebuildScriptCaches (84ms)
			SetupLoadedEditorAssemblies (1123ms)
				LogAssemblyErrors (0ms)
				InitializePlatformSupportModulesInManaged (4ms)
				SetLoadedEditorAssemblies (0ms)
				RefreshPlugins (183ms)
				BeforeProcessingInitializeOnLoad (140ms)
				ProcessInitializeOnLoadAttributes (700ms)
				ProcessInitializeOnLoadMethodAttributes (93ms)
				AfterProcessingInitializeOnLoad (3ms)
				EditorAssembliesLoaded (0ms)
			ExecutionOrderSort2 (0ms)
			AwakeInstancesAfterBackupRestoration (10ms)
Platform modules already initialized, skipping
========================================================================
Worker process is ready to serve import requests
Launched and connected shader compiler UnityShaderCompiler.exe after 0.14 seconds
Refreshing native plugins compatible for Editor in 3.36 ms, found 6 plugins.
Preloading 0 native plugins for Editor in 0.00 ms.
Unloading 6166 Unused Serialized files (Serialized files now loaded: 0)
Unloading 99 unused Assets / (2.0 MB). Loaded Objects now: 6582.
Memory consumption went from 257.6 MB to 255.6 MB.
Total: 11.241900 ms (FindLiveObjects: 1.357100 ms CreateObjectMapping: 1.251900 ms MarkObjects: 7.462400 ms  DeleteObjects: 1.167900 ms)

AssetImportParameters requested are different than current active one (requested -> active):
  custom:video-decoder-ogg-theora: a1e56fd34408186e4bbccfd4996cb3dc -> 
  custom:container-muxer-webm: aa71ff27fc2769a1b78a27578f13a17b -> 
  custom:container-demuxer-webm: 4f35f7cbe854078d1ac9338744f61a02 -> 
  custom:video-encoder-webm-vp8: eb34c28f22e8b96e1ab97ce403110664 -> 
  custom:video-codec-MediaFoundation-h265: 746d11721c4dcdbdad8f713fa42b33f4 -> 
  custom:audio-encoder-webm-vorbis: bf7c407c2cedff20999df2af8eb42d56 -> 
  custom:framework-win-MediaFoundation: 216162199b28c13a410421893ffa2e32 -> 
  custom:container-demuxer-ogg: 62fdf1f143b41e24485cea50d1cbac27 -> 
  custom:video-decoder-webm-vp8: 9c59270c3fd7afecdb556c50c9e8de78 -> 
  custom:audio-decoder-ogg-vorbis: bf7c407c2cedff20999df2af8eb42d56 -> 
========================================================================
Received Import Request.
  Time since last request: 7915.214850 seconds.
  path: Assets/RPG_Universe/Assets/2D Pixel Dungeon Asset Pack/character and tileset/Dungeon_Character_2.png
  artifactKey: Guid(4ffc03f726990e54f86b68620fd3c8c4) Importer(815301076,1909f56bfc062723c751e8b465ee728b)
Start importing Assets/RPG_Universe/Assets/2D Pixel Dungeon Asset Pack/character and tileset/Dungeon_Character_2.png using Guid(4ffc03f726990e54f86b68620fd3c8c4) Importer(815301076,1909f56bfc062723c751e8b465ee728b)  -> (artifact id: '3211ccfcfd550a9803f432b0e7d6781e') in 0.113074 seconds 
========================================================================
Received Import Request.
  Time since last request: 10.106767 seconds.
  path: Assets/RPG_Universe/Assets/2D Pixel Dungeon Asset Pack/character and tileset/Dungeon_Character_2.png
  artifactKey: Guid(4ffc03f726990e54f86b68620fd3c8c4) Importer(815301076,1909f56bfc062723c751e8b465ee728b)
Start importing Assets/RPG_Universe/Assets/2D Pixel Dungeon Asset Pack/character and tileset/Dungeon_Character_2.png using Guid(4ffc03f726990e54f86b68620fd3c8c4) Importer(815301076,1909f56bfc062723c751e8b465ee728b)  -> (artifact id: '268a144d7ddb55bc1a46b173ec6f1cd9') in 0.037860 seconds 
========================================================================
Received Import Request.
  Time since last request: 36.591722 seconds.
  path: Assets/RPG_Universe/Assets/2D Pixel Dungeon Asset Pack/items and trap_animation/chest
  artifactKey: Guid(cab1035a74f24ca4d80f8f32e3ee312f) Importer(815301076,1909f56bfc062723c751e8b465ee728b)
Start importing Assets/RPG_Universe/Assets/2D Pixel Dungeon Asset Pack/items and trap_animation/chest using Guid(cab1035a74f24ca4d80f8f32e3ee312f) Importer(815301076,1909f56bfc062723c751e8b465ee728b)  -> (artifact id: '1e22efebb0286aa39d9ae6a252e10077') in 0.008549 seconds 
========================================================================
Received Import Request.
  Time since last request: 15.924034 seconds.
  path: Assets/RPG_Universe/Assets/2D Pixel Dungeon Asset Pack/Character_animation
  artifactKey: Guid(134228fa53c11e74d89f9b99a9b35151) Importer(815301076,1909f56bfc062723c751e8b465ee728b)
Start importing Assets/RPG_Universe/Assets/2D Pixel Dungeon Asset Pack/Character_animation using Guid(134228fa53c11e74d89f9b99a9b35151) Importer(815301076,1909f56bfc062723c751e8b465ee728b)  -> (artifact id: 'b23d7d0a95d650ad7b099ff11136cc6f') in 0.008710 seconds 
========================================================================
Received Import Request.
  Time since last request: 1.729259 seconds.
  path: Assets/RPG_Universe/Assets/2D Pixel Dungeon Asset Pack/Character_animation/monsters_idle
  artifactKey: Guid(5387424c8ad997f4f92510f970f5b6ce) Importer(815301076,1909f56bfc062723c751e8b465ee728b)
Start importing Assets/RPG_Universe/Assets/2D Pixel Dungeon Asset Pack/Character_animation/monsters_idle using Guid(5387424c8ad997f4f92510f970f5b6ce) Importer(815301076,1909f56bfc062723c751e8b465ee728b)  -> (artifact id: '0cf32f5610fa3c722786305b8982e110') in 0.009969 seconds 
========================================================================
Received Import Request.
  Time since last request: 0.765230 seconds.
  path: Assets/RPG_Universe/Assets/2D Pixel Dungeon Asset Pack/Character_animation/monsters_idle/skeleton2
  artifactKey: Guid(622323aef2164034dab8de9a7b0267ef) Importer(815301076,1909f56bfc062723c751e8b465ee728b)
Start importing Assets/RPG_Universe/Assets/2D Pixel Dungeon Asset Pack/Character_animation/monsters_idle/skeleton2 using Guid(622323aef2164034dab8de9a7b0267ef) Importer(815301076,1909f56bfc062723c751e8b465ee728b)  -> (artifact id: '29a86b67a4e4ca22b3c72eca92fe7b0c') in 0.010034 seconds 
========================================================================
Received Import Request.
  Time since last request: 0.546334 seconds.
  path: Assets/RPG_Universe/Assets/2D Pixel Dungeon Asset Pack/Character_animation/monsters_idle/skeleton2/v2
  artifactKey: Guid(43fae5b821fc8c94fb08280e102f65f6) Importer(815301076,1909f56bfc062723c751e8b465ee728b)
Start importing Assets/RPG_Universe/Assets/2D Pixel Dungeon Asset Pack/Character_animation/monsters_idle/skeleton2/v2 using Guid(43fae5b821fc8c94fb08280e102f65f6) Importer(815301076,1909f56bfc062723c751e8b465ee728b)  -> (artifact id: '1bc0d39c7eaa701fef8c99dfc060c3d8') in 0.009190 seconds 
========================================================================
Received Import Request.
  Time since last request: 7.273806 seconds.
  path: Assets/RPG_Universe/Assets/2D Pixel Dungeon Asset Pack/items and trap_animation/arrow
  artifactKey: Guid(d6fb8187599fc8641a91e9ff8e8a5640) Importer(815301076,1909f56bfc062723c751e8b465ee728b)
Start importing Assets/RPG_Universe/Assets/2D Pixel Dungeon Asset Pack/items and trap_animation/arrow using Guid(d6fb8187599fc8641a91e9ff8e8a5640) Importer(815301076,1909f56bfc062723c751e8b465ee728b)  -> (artifact id: '543cb1b0b0e7fd986ee7def25b4f8783') in 0.012520 seconds 
========================================================================
Received Import Request.
  Time since last request: 0.066845 seconds.
  path: Assets/RPG_Universe/Assets/2D Pixel Dungeon Asset Pack/items and trap_animation/arrow/arrow_1.png
  artifactKey: Guid(b6eaccccd015e7f438a3226bd421d82a) Importer(815301076,1909f56bfc062723c751e8b465ee728b)
Start importing Assets/RPG_Universe/Assets/2D Pixel Dungeon Asset Pack/items and trap_animation/arrow/arrow_1.png using Guid(b6eaccccd015e7f438a3226bd421d82a) Importer(815301076,1909f56bfc062723c751e8b465ee728b)  -> (artifact id: '7a68c823d43820102a5e9edd502379e3') in 0.065492 seconds 
========================================================================
Received Import Request.
  Time since last request: 0.000038 seconds.
  path: Assets/RPG_Universe/Assets/2D Pixel Dungeon Asset Pack/items and trap_animation/arrow/arrow_4.png
  artifactKey: Guid(187d978cb5c1f9946834cae29cf851d0) Importer(815301076,1909f56bfc062723c751e8b465ee728b)
Start importing Assets/RPG_Universe/Assets/2D Pixel Dungeon Asset Pack/items and trap_animation/arrow/arrow_4.png using Guid(187d978cb5c1f9946834cae29cf851d0) Importer(815301076,1909f56bfc062723c751e8b465ee728b)  -> (artifact id: 'c4d1c889af841da5b3de019de201b3a0') in 0.052402 seconds 
Editor requested this worker to shutdown with reason: Scaling down because of idle timeout
AssetImportWorker is now disconnected from the server
Process exiting
Exiting without the bug reporter. Application will terminate with return code 0