Using pre-set license
Built from '2021.3/staging' branch; Version is '2021.3.21f1 (1b156197d683) revision 1774945'; Using compiler version '192829333'; Build Type 'Release'
OS: 'Windows 11  (10.0.22621) 64bit Core' Language: 'pt' Physical Memory: 16221 MB
BatchMode: 1, IsHumanControllingUs: 0, StartBugReporterOnCrash: 0, Is64bit: 1, IsPro: 1

COMMAND LINE ARGUMENTS:
C:\Program Files\Unity\Hub\Editor\2021.3.21f1\Editor\Unity.exe
-adb2
-batchMode
-noUpm
-name
AssetImportWorker11
-projectPath
C:/Users/marta/Documents/GitHub/FindingHope/FindingHopeProject
-logFile
Logs/AssetImportWorker11.log
-srvPort
49807
Successfully changed project path to: C:/Users/marta/Documents/GitHub/FindingHope/FindingHopeProject
C:/Users/marta/Documents/GitHub/FindingHope/FindingHopeProject
[UnityMemory] Configuration Parameters - Can be set up in boot.config
    "memorysetup-bucket-allocator-granularity=16"
    "memorysetup-bucket-allocator-bucket-count=8"
    "memorysetup-bucket-allocator-block-size=33554432"
    "memorysetup-bucket-allocator-block-count=8"
    "memorysetup-main-allocator-block-size=16777216"
    "memorysetup-thread-allocator-block-size=16777216"
    "memorysetup-gfx-main-allocator-block-size=16777216"
    "memorysetup-gfx-thread-allocator-block-size=16777216"
    "memorysetup-cache-allocator-block-size=4194304"
    "memorysetup-typetree-allocator-block-size=2097152"
    "memorysetup-profiler-bucket-allocator-granularity=16"
    "memorysetup-profiler-bucket-allocator-bucket-count=8"
    "memorysetup-profiler-bucket-allocator-block-size=33554432"
    "memorysetup-profiler-bucket-allocator-block-count=8"
    "memorysetup-profiler-allocator-block-size=16777216"
    "memorysetup-profiler-editor-allocator-block-size=1048576"
    "memorysetup-temp-allocator-size-main=16777216"
    "memorysetup-job-temp-allocator-block-size=2097152"
    "memorysetup-job-temp-allocator-block-size-background=1048576"
    "memorysetup-job-temp-allocator-reduction-small-platforms=262144"
    "memorysetup-temp-allocator-size-background-worker=32768"
    "memorysetup-temp-allocator-size-job-worker=262144"
    "memorysetup-temp-allocator-size-preload-manager=33554432"
    "memorysetup-temp-allocator-size-nav-mesh-worker=65536"
    "memorysetup-temp-allocator-size-audio-worker=65536"
    "memorysetup-temp-allocator-size-cloud-worker=32768"
    "memorysetup-temp-allocator-size-gi-baking-worker=262144"
    "memorysetup-temp-allocator-size-gfx=262144"
Player connection [24036] Host "[IP] 192.168.1.112 [Port] 0 [Flags] 2 [Guid] 3109426149 [EditorId] 3109426149 [Version] 1048832 [Id] WindowsEditor(7,LAPTOP-H5F1OK20) [Debug] 1 [PackageName] WindowsEditor [ProjectName] Editor" joined multi-casting on [225.0.0.222:54997]...

Player connection [24036] Host "[IP] 192.168.1.112 [Port] 0 [Flags] 2 [Guid] 3109426149 [EditorId] 3109426149 [Version] 1048832 [Id] WindowsEditor(7,LAPTOP-H5F1OK20) [Debug] 1 [PackageName] WindowsEditor [ProjectName] Editor" joined alternative multi-casting on [225.0.0.222:34997]...

Refreshing native plugins compatible for Editor in 212.13 ms, found 6 plugins.
Preloading 0 native plugins for Editor in 0.00 ms.
Initialize engine version: 2021.3.21f1 (1b156197d683)
[Subsystems] Discovering subsystems at path C:/Program Files/Unity/Hub/Editor/2021.3.21f1/Editor/Data/Resources/UnitySubsystems
[Subsystems] Discovering subsystems at path C:/Users/marta/Documents/GitHub/FindingHope/FindingHopeProject/Assets
GfxDevice: creating device client; threaded=0; jobified=0
Direct3D:
    Version:  Direct3D 11.0 [level 11.1]
    Renderer: NVIDIA GeForce GTX 1650 (ID=0x1f99)
    Vendor:   NVIDIA
    VRAM:     3962 MB
    Driver:   31.0.15.1640
Initialize mono
Mono path[0] = 'C:/Program Files/Unity/Hub/Editor/2021.3.21f1/Editor/Data/Managed'
Mono path[1] = 'C:/Program Files/Unity/Hub/Editor/2021.3.21f1/Editor/Data/MonoBleedingEdge/lib/mono/unityjit-win32'
Mono config path = 'C:/Program Files/Unity/Hub/Editor/2021.3.21f1/Editor/Data/MonoBleedingEdge/etc'
Using monoOptions --debugger-agent=transport=dt_socket,embedding=1,server=y,suspend=n,address=127.0.0.1:56028
Begin MonoManager ReloadAssembly
Registering precompiled unity dll's ...
Register platform support module: C:/Program Files/Unity/Hub/Editor/2021.3.21f1/Editor/Data/PlaybackEngines/WebGLSupport/UnityEditor.WebGL.Extensions.dll
Register platform support module: C:/Program Files/Unity/Hub/Editor/2021.3.21f1/Editor/Data/PlaybackEngines/AndroidPlayer/UnityEditor.Android.Extensions.dll
Register platform support module: C:/Program Files/Unity/Hub/Editor/2021.3.21f1/Editor/Data/PlaybackEngines/iOSSupport/UnityEditor.iOS.Extensions.dll
Register platform support module: C:/Program Files/Unity/Hub/Editor/2021.3.21f1/Editor/Data/PlaybackEngines/WindowsStandaloneSupport/UnityEditor.WindowsStandalone.Extensions.dll
Registered in 0.013019 seconds.
Native extension for WindowsStandalone target not found
[usbmuxd] Start listen thread
[usbmuxd] Listen thread started
Native extension for iOS target not found
Native extension for Android target not found
Android Extension - Scanning For ADB Devices 477 ms
Native extension for WebGL target not found
Refreshing native plugins compatible for Editor in 177.97 ms, found 6 plugins.
Preloading 0 native plugins for Editor in 0.00 ms.
Mono: successfully reloaded assembly
- Completed reload, in  1.465 seconds
Domain Reload Profiling:
	ReloadAssembly (1466ms)
		BeginReloadAssembly (100ms)
			ExecutionOrderSort (0ms)
			DisableScriptedObjects (0ms)
			BackupInstance (0ms)
			ReleaseScriptingObjects (0ms)
			CreateAndSetChildDomain (1ms)
		EndReloadAssembly (1211ms)
			LoadAssemblies (98ms)
			RebuildTransferFunctionScriptingTraits (0ms)
			SetupTypeCache (116ms)
			ReleaseScriptCaches (0ms)
			RebuildScriptCaches (58ms)
			SetupLoadedEditorAssemblies (973ms)
				LogAssemblyErrors (0ms)
				InitializePlatformSupportModulesInManaged (591ms)
				SetLoadedEditorAssemblies (0ms)
				RefreshPlugins (178ms)
				BeforeProcessingInitializeOnLoad (2ms)
				ProcessInitializeOnLoadAttributes (136ms)
				ProcessInitializeOnLoadMethodAttributes (66ms)
				AfterProcessingInitializeOnLoad (0ms)
				EditorAssembliesLoaded (0ms)
			ExecutionOrderSort2 (0ms)
			AwakeInstancesAfterBackupRestoration (0ms)
Platform modules already initialized, skipping
Registering precompiled user dll's ...
Registered in 0.017344 seconds.
Begin MonoManager ReloadAssembly
Symbol file LoadedFromMemory doesn't match image C:\Users\marta\Documents\GitHub\FindingHope\FindingHopeProject\Library\PackageCache\com.unity.visualscripting@1.8.0\Editor\VisualScripting.Core\Dependencies\DotNetZip\Unity.VisualScripting.IonicZip.dll
Symbol file LoadedFromMemory is not a mono symbol file
Symbol file LoadedFromMemory doesn't match image C:\Users\marta\Documents\GitHub\FindingHope\FindingHopeProject\Library\PackageCache\com.unity.visualscripting@1.8.0\Editor\VisualScripting.Core\Dependencies\YamlDotNet\Unity.VisualScripting.YamlDotNet.dll
Native extension for WindowsStandalone target not found
Native extension for iOS target not found
Native extension for Android target not found
Native extension for WebGL target not found
Refreshing native plugins compatible for Editor in 178.45 ms, found 6 plugins.
Preloading 0 native plugins for Editor in 0.00 ms.
Mono: successfully reloaded assembly
- Completed reload, in  2.506 seconds
Domain Reload Profiling:
	ReloadAssembly (2507ms)
		BeginReloadAssembly (178ms)
			ExecutionOrderSort (0ms)
			DisableScriptedObjects (7ms)
			BackupInstance (0ms)
			ReleaseScriptingObjects (0ms)
			CreateAndSetChildDomain (21ms)
		EndReloadAssembly (2174ms)
			LoadAssemblies (146ms)
			RebuildTransferFunctionScriptingTraits (0ms)
			SetupTypeCache (764ms)
			ReleaseScriptCaches (1ms)
			RebuildScriptCaches (124ms)
			SetupLoadedEditorAssemblies (1051ms)
				LogAssemblyErrors (0ms)
				InitializePlatformSupportModulesInManaged (29ms)
				SetLoadedEditorAssemblies (0ms)
				RefreshPlugins (179ms)
				BeforeProcessingInitializeOnLoad (216ms)
				ProcessInitializeOnLoadAttributes (505ms)
				ProcessInitializeOnLoadMethodAttributes (110ms)
				AfterProcessingInitializeOnLoad (10ms)
				EditorAssembliesLoaded (0ms)
			ExecutionOrderSort2 (0ms)
			AwakeInstancesAfterBackupRestoration (12ms)
Platform modules already initialized, skipping
========================================================================
Worker process is ready to serve import requests
Launched and connected shader compiler UnityShaderCompiler.exe after 0.12 seconds
Refreshing native plugins compatible for Editor in 1.53 ms, found 6 plugins.
Preloading 0 native plugins for Editor in 0.00 ms.
Unloading 6163 Unused Serialized files (Serialized files now loaded: 0)
Unloading 105 unused Assets / (2.2 MB). Loaded Objects now: 6580.
Memory consumption went from 254.5 MB to 252.3 MB.
Total: 6.281700 ms (FindLiveObjects: 0.594900 ms CreateObjectMapping: 0.751700 ms MarkObjects: 4.263000 ms  DeleteObjects: 0.671000 ms)

AssetImportParameters requested are different than current active one (requested -> active):
  custom:video-decoder-ogg-theora: a1e56fd34408186e4bbccfd4996cb3dc -> 
  custom:container-muxer-webm: aa71ff27fc2769a1b78a27578f13a17b -> 
  custom:container-demuxer-webm: 4f35f7cbe854078d1ac9338744f61a02 -> 
  custom:video-encoder-webm-vp8: eb34c28f22e8b96e1ab97ce403110664 -> 
  custom:audio-encoder-webm-vorbis: bf7c407c2cedff20999df2af8eb42d56 -> 
  custom:framework-win-MediaFoundation: 216162199b28c13a410421893ffa2e32 -> 
  custom:container-demuxer-ogg: 62fdf1f143b41e24485cea50d1cbac27 -> 
  custom:video-decoder-webm-vp8: 9c59270c3fd7afecdb556c50c9e8de78 -> 
  custom:audio-decoder-ogg-vorbis: bf7c407c2cedff20999df2af8eb42d56 -> 
========================================================================
Received Import Request.
  Time since last request: 10323.261691 seconds.
  path: Assets/AIUniverse/Convai/Images/Recording Marker.png
  artifactKey: Guid(c6ec9aa1a03c2354b83aa4af57cb578f) Importer(2089858483,c653a7c40615fbf8c82c05b109e42dfe)
Start importing Assets/AIUniverse/Convai/Images/Recording Marker.png using Guid(c6ec9aa1a03c2354b83aa4af57cb578f) Importer(2089858483,c653a7c40615fbf8c82c05b109e42dfe) Generated GUIDs only implemented for interfaces!
 -> (artifact id: 'be3841c47b98028da3ee5c3c373a2f0d') in 0.355021 seconds 
========================================================================
Received Import Request.
  Time since last request: 4.262399 seconds.
  path: Assets/AIUniverse/StarterAssets/Environment/Art/Materials
  artifactKey: Guid(62e09e1e4aed9424ba218499f11ea644) Importer(2089858483,c653a7c40615fbf8c82c05b109e42dfe)
Start importing Assets/AIUniverse/StarterAssets/Environment/Art/Materials using Guid(62e09e1e4aed9424ba218499f11ea644) Importer(2089858483,c653a7c40615fbf8c82c05b109e42dfe) Generated GUIDs only implemented for interfaces!
 -> (artifact id: '0819d6444b871d118df318b65f50fa69') in 0.010355 seconds 
========================================================================
Received Import Request.
  Time since last request: 0.000041 seconds.
  path: Assets/AIUniverse/StarterAssets/TutorialInfo/Icons
  artifactKey: Guid(bf2b09552ecf8f04294975e07f8da67e) Importer(2089858483,c653a7c40615fbf8c82c05b109e42dfe)
Start importing Assets/AIUniverse/StarterAssets/TutorialInfo/Icons using Guid(bf2b09552ecf8f04294975e07f8da67e) Importer(2089858483,c653a7c40615fbf8c82c05b109e42dfe) Generated GUIDs only implemented for interfaces!
 -> (artifact id: '59dd11d7f0c6d55915d9131e39190d1f') in 0.010979 seconds 
========================================================================
Received Import Request.
  Time since last request: 0.000041 seconds.
  path: Assets/AIUniverse/StarterAssets/ThirdPersonController/Prefabs/MainCamera.prefab
  artifactKey: Guid(f6d148d888ffbf54b9afe9936dfaec1f) Importer(2089858483,c653a7c40615fbf8c82c05b109e42dfe)
Start importing Assets/AIUniverse/StarterAssets/ThirdPersonController/Prefabs/MainCamera.prefab using Guid(f6d148d888ffbf54b9afe9936dfaec1f) Importer(2089858483,c653a7c40615fbf8c82c05b109e42dfe) Generated GUIDs only implemented for interfaces!
 -> (artifact id: '05e3a14ec9b28c96e22b34b88cfbafe0') in 0.150469 seconds 
========================================================================
Received Import Request.
  Time since last request: 0.000051 seconds.
  path: Assets/AIUniverse/StarterAssets/Environment/Art/Skybox/SkyboxLiteWarm.mat
  artifactKey: Guid(aeab33f69c199e54794f516d31450ec4) Importer(2089858483,c653a7c40615fbf8c82c05b109e42dfe)
Start importing Assets/AIUniverse/StarterAssets/Environment/Art/Skybox/SkyboxLiteWarm.mat using Guid(aeab33f69c199e54794f516d31450ec4) Importer(2089858483,c653a7c40615fbf8c82c05b109e42dfe) Generated GUIDs only implemented for interfaces!
 -> (artifact id: 'c20e1a92facc0160be7bdbf3e2a1ee94') in 0.046142 seconds 
========================================================================
Received Import Request.
  Time since last request: 0.000076 seconds.
  path: Assets/AIUniverse/StarterAssets/Environment/Art/Models/Ground_Mesh.fbx
  artifactKey: Guid(aa38d7b0e367ecc4aac915dcfe957879) Importer(2089858483,c653a7c40615fbf8c82c05b109e42dfe)
Start importing Assets/AIUniverse/StarterAssets/Environment/Art/Models/Ground_Mesh.fbx using Guid(aa38d7b0e367ecc4aac915dcfe957879) Importer(2089858483,c653a7c40615fbf8c82c05b109e42dfe) Generated GUIDs only implemented for interfaces!
 -> (artifact id: '0f5877a4456591faa1203ed51e03a489') in 0.134979 seconds 
========================================================================
Received Import Request.
  Time since last request: 0.000046 seconds.
  path: Assets/AIUniverse/StarterAssets/ThirdPersonController/Character/Textures/Armature_Body_AlbedoTransparency.tif
  artifactKey: Guid(28d78c5517421f047b88352f3b18e8e7) Importer(2089858483,c653a7c40615fbf8c82c05b109e42dfe)
Start importing Assets/AIUniverse/StarterAssets/ThirdPersonController/Character/Textures/Armature_Body_AlbedoTransparency.tif using Guid(28d78c5517421f047b88352f3b18e8e7) Importer(2089858483,c653a7c40615fbf8c82c05b109e42dfe) Generated GUIDs only implemented for interfaces!
 -> (artifact id: '158d61d8f4167e8fd8e2fe1bd401d479') in 0.089970 seconds 
========================================================================
Received Import Request.
  Time since last request: 0.000055 seconds.
  path: Assets/AIUniverse/StarterAssets/ThirdPersonController/Character/Animations
  artifactKey: Guid(478ef75e2d9612043ad9e092df040fea) Importer(2089858483,c653a7c40615fbf8c82c05b109e42dfe)
Start importing Assets/AIUniverse/StarterAssets/ThirdPersonController/Character/Animations using Guid(478ef75e2d9612043ad9e092df040fea) Importer(2089858483,c653a7c40615fbf8c82c05b109e42dfe) Generated GUIDs only implemented for interfaces!
 -> (artifact id: 'c6fa8b2a5ca1ef8ff89895146f4cb677') in 0.010087 seconds 
========================================================================
Received Import Request.
  Time since last request: 0.000069 seconds.
  path: Assets/AIUniverse/StarterAssets/ThirdPersonController/Prefabs/PlayerArmature.prefab
  artifactKey: Guid(64dce48905ffd9b4293e595fa6941544) Importer(2089858483,c653a7c40615fbf8c82c05b109e42dfe)
Start importing Assets/AIUniverse/StarterAssets/ThirdPersonController/Prefabs/PlayerArmature.prefab using Guid(64dce48905ffd9b4293e595fa6941544) Importer(2089858483,c653a7c40615fbf8c82c05b109e42dfe) Generated GUIDs only implemented for interfaces!
 -> (artifact id: 'cc92f56a7e571f24ec3ed9a752101c3c') in 0.126321 seconds 
========================================================================
Received Import Request.
  Time since last request: 0.000033 seconds.
  path: Assets/AIUniverse/StarterAssets/ThirdPersonController/Character/Animations/Locomotion--Run_N_Land.anim.fbx
  artifactKey: Guid(3c033631149b9c541bcf155cd94cccba) Importer(2089858483,c653a7c40615fbf8c82c05b109e42dfe)
Start importing Assets/AIUniverse/StarterAssets/ThirdPersonController/Character/Animations/Locomotion--Run_N_Land.anim.fbx using Guid(3c033631149b9c541bcf155cd94cccba) Importer(2089858483,c653a7c40615fbf8c82c05b109e42dfe) Generated GUIDs only implemented for interfaces!
 -> (artifact id: 'b6e19d13e5ae8242b86f359e40e6ce9c') in 0.073760 seconds 
========================================================================
Received Import Request.
  Time since last request: 0.000038 seconds.
  path: Assets/AIUniverse/StarterAssets
  artifactKey: Guid(3397cd14c28cccf47b097769f7817a19) Importer(2089858483,c653a7c40615fbf8c82c05b109e42dfe)
Start importing Assets/AIUniverse/StarterAssets using Guid(3397cd14c28cccf47b097769f7817a19) Importer(2089858483,c653a7c40615fbf8c82c05b109e42dfe) Generated GUIDs only implemented for interfaces!
 -> (artifact id: 'ff7e861c7bde2f6199330ec6ec9efbef') in 0.010284 seconds 
========================================================================
Received Import Request.
  Time since last request: 0.000057 seconds.
  path: Assets/AIUniverse/StarterAssets/Mobile/Prefabs/VirtualInputs/UI_Virtual_TouchZone.prefab
  artifactKey: Guid(c82978c3789dad44da354dc354c782b2) Importer(2089858483,c653a7c40615fbf8c82c05b109e42dfe)
Start importing Assets/AIUniverse/StarterAssets/Mobile/Prefabs/VirtualInputs/UI_Virtual_TouchZone.prefab using Guid(c82978c3789dad44da354dc354c782b2) Importer(2089858483,c653a7c40615fbf8c82c05b109e42dfe) Generated GUIDs only implemented for interfaces!
 -> (artifact id: 'c3ece907b1b99ecc12ebec1f9b9bef1f') in 0.093004 seconds 
========================================================================
Received Import Request.
  Time since last request: 0.000056 seconds.
  path: Assets/AIUniverse/StarterAssets/ThirdPersonController/Prefabs/NestedParentArmature_Unpack.prefab
  artifactKey: Guid(c708a3b79cd542b42bbfedb17e213bc1) Importer(2089858483,c653a7c40615fbf8c82c05b109e42dfe)
Start importing Assets/AIUniverse/StarterAssets/ThirdPersonController/Prefabs/NestedParentArmature_Unpack.prefab using Guid(c708a3b79cd542b42bbfedb17e213bc1) Importer(2089858483,c653a7c40615fbf8c82c05b109e42dfe) Generated GUIDs only implemented for interfaces!
 -> (artifact id: 'ff1a426d909756a5a32da7cdde1e39bc') in 0.377910 seconds 
========================================================================
Received Import Request.
  Time since last request: 0.000051 seconds.
  path: Assets/AIUniverse/StarterAssets/ThirdPersonController/Character/Models/Armature.fbx
  artifactKey: Guid(36078ab0369161e49a29d349ae3e0739) Importer(2089858483,c653a7c40615fbf8c82c05b109e42dfe)
Start importing Assets/AIUniverse/StarterAssets/ThirdPersonController/Character/Models/Armature.fbx using Guid(36078ab0369161e49a29d349ae3e0739) Importer(2089858483,c653a7c40615fbf8c82c05b109e42dfe) Generated GUIDs only implemented for interfaces!
 -> (artifact id: '54a5761f023abf54b5ac0815a6f2dba9') in 0.109193 seconds 
========================================================================
Received Import Request.
  Time since last request: 0.000065 seconds.
  path: Assets/AIUniverse/StarterAssets/ThirdPersonController/Character/Models
  artifactKey: Guid(f99c02f4392c29d4dad06bad32b0bfb1) Importer(2089858483,c653a7c40615fbf8c82c05b109e42dfe)
Start importing Assets/AIUniverse/StarterAssets/ThirdPersonController/Character/Models using Guid(f99c02f4392c29d4dad06bad32b0bfb1) Importer(2089858483,c653a7c40615fbf8c82c05b109e42dfe) Generated GUIDs only implemented for interfaces!
 -> (artifact id: '718ecb6858779cb73825b2fb054dbc0e') in 0.013854 seconds 
========================================================================
Received Import Request.
  Time since last request: 0.000059 seconds.
  path: Assets/AIUniverse/StarterAssets/Environment/Art/Models/Structure_Mesh.fbx
  artifactKey: Guid(d0a9bfb4b5f28174884e89dd76563ae8) Importer(2089858483,c653a7c40615fbf8c82c05b109e42dfe)
Start importing Assets/AIUniverse/StarterAssets/Environment/Art/Models/Structure_Mesh.fbx using Guid(d0a9bfb4b5f28174884e89dd76563ae8) Importer(2089858483,c653a7c40615fbf8c82c05b109e42dfe) Generated GUIDs only implemented for interfaces!
 -> (artifact id: 'ad5128a5012abc18da4141d0cfd5cfa3') in 0.059043 seconds 
========================================================================
Received Import Request.
  Time since last request: 0.000092 seconds.
  path: Assets/AIUniverse/StarterAssets/ThirdPersonController/Character/Textures/Armature_Body_Normal.tif
  artifactKey: Guid(2a3daea46c599324e873f935ab08000a) Importer(2089858483,c653a7c40615fbf8c82c05b109e42dfe)
Start importing Assets/AIUniverse/StarterAssets/ThirdPersonController/Character/Textures/Armature_Body_Normal.tif using Guid(2a3daea46c599324e873f935ab08000a) Importer(2089858483,c653a7c40615fbf8c82c05b109e42dfe) Generated GUIDs only implemented for interfaces!
 -> (artifact id: '235cbcdad9ad4630adf8c71a4c036009') in 0.069140 seconds 
========================================================================
Received Import Request.
  Time since last request: 0.000055 seconds.
  path: Assets/AIUniverse/StarterAssets/ThirdPersonController/Character/Textures/Armature_Legs_MetallicSmoothness.tif
  artifactKey: Guid(1c98c94efa7792645972ecf95e6f86c2) Importer(2089858483,c653a7c40615fbf8c82c05b109e42dfe)
Start importing Assets/AIUniverse/StarterAssets/ThirdPersonController/Character/Textures/Armature_Legs_MetallicSmoothness.tif using Guid(1c98c94efa7792645972ecf95e6f86c2) Importer(2089858483,c653a7c40615fbf8c82c05b109e42dfe) Generated GUIDs only implemented for interfaces!
 -> (artifact id: '9be5b8cb238027aff43adb515546bc07') in 0.047224 seconds 
========================================================================
Received Import Request.
  Time since last request: 0.000065 seconds.
  path: Assets/AIUniverse/StarterAssets/ThirdPersonController/Character/Sfx/Player_Footstep_06.wav
  artifactKey: Guid(29841e7d5bbfb5b419c9ad16ca8bc4c1) Importer(2089858483,c653a7c40615fbf8c82c05b109e42dfe)
Start importing Assets/AIUniverse/StarterAssets/ThirdPersonController/Character/Sfx/Player_Footstep_06.wav using Guid(29841e7d5bbfb5b419c9ad16ca8bc4c1) Importer(2089858483,c653a7c40615fbf8c82c05b109e42dfe) Generated GUIDs only implemented for interfaces!
 -> (artifact id: '0fcaf3bf53698013e55f1a3c3197c249') in 0.120225 seconds 
========================================================================
Received Import Request.
  Time since last request: 0.000030 seconds.
  path: Assets/AIUniverse/StarterAssets/ThirdPersonController/Character/Textures/Armature_Legs_Normal.tif
  artifactKey: Guid(b2c5d9c39850da946ae135dcb57faaea) Importer(2089858483,c653a7c40615fbf8c82c05b109e42dfe)
Start importing Assets/AIUniverse/StarterAssets/ThirdPersonController/Character/Textures/Armature_Legs_Normal.tif using Guid(b2c5d9c39850da946ae135dcb57faaea) Importer(2089858483,c653a7c40615fbf8c82c05b109e42dfe) Generated GUIDs only implemented for interfaces!
 -> (artifact id: '2f0991cedc211f18737d27c58d166950') in 0.054664 seconds 
========================================================================
Received Import Request.
  Time since last request: 0.000046 seconds.
  path: Assets/AIUniverse/StarterAssets/Environment/RenderPipelineProfiles/StarterAssetsURPAsset.asset
  artifactKey: Guid(f48f873ae78af40b9a7b8220a8c6f95f) Importer(2089858483,c653a7c40615fbf8c82c05b109e42dfe)
Start importing Assets/AIUniverse/StarterAssets/Environment/RenderPipelineProfiles/StarterAssetsURPAsset.asset using Guid(f48f873ae78af40b9a7b8220a8c6f95f) Importer(2089858483,c653a7c40615fbf8c82c05b109e42dfe) Generated GUIDs only implemented for interfaces!
 -> (artifact id: 'c7600e904c4cf07c062b221dc4fd9b1b') in 0.084104 seconds 
========================================================================
Received Import Request.
  Time since last request: 0.000097 seconds.
  path: Assets/AIUniverse/StarterAssets/ThirdPersonController/Character/Textures/Armature_Body_RGB.tif
  artifactKey: Guid(a95378e0fd5828442a6ed903fb3b0bf7) Importer(2089858483,c653a7c40615fbf8c82c05b109e42dfe)
Start importing Assets/AIUniverse/StarterAssets/ThirdPersonController/Character/Textures/Armature_Body_RGB.tif using Guid(a95378e0fd5828442a6ed903fb3b0bf7) Importer(2089858483,c653a7c40615fbf8c82c05b109e42dfe) Generated GUIDs only implemented for interfaces!
 -> (artifact id: '839965894f4c6b928005298365c3b638') in 0.055626 seconds 
========================================================================
Received Import Request.
  Time since last request: 0.000046 seconds.
  path: Assets/AIUniverse/StarterAssets/Mobile/Scripts/CanvasInputs/UICanvasControllerInput.cs
  artifactKey: Guid(4a300d010f57451488aa99000126fbd5) Importer(2089858483,c653a7c40615fbf8c82c05b109e42dfe)
Start importing Assets/AIUniverse/StarterAssets/Mobile/Scripts/CanvasInputs/UICanvasControllerInput.cs using Guid(4a300d010f57451488aa99000126fbd5) Importer(2089858483,c653a7c40615fbf8c82c05b109e42dfe) Generated GUIDs only implemented for interfaces!
 -> (artifact id: '98f538123448d967d233fd86931ec11d') in 0.026472 seconds 
========================================================================
Received Import Request.
  Time since last request: 0.000045 seconds.
  path: Assets/AIUniverse/StarterAssets/Environment/Art/Textures/Grid_01_Normal.png
  artifactKey: Guid(c5c221ed57a3bf6488f8eba0db28a004) Importer(2089858483,c653a7c40615fbf8c82c05b109e42dfe)
Start importing Assets/AIUniverse/StarterAssets/Environment/Art/Textures/Grid_01_Normal.png using Guid(c5c221ed57a3bf6488f8eba0db28a004) Importer(2089858483,c653a7c40615fbf8c82c05b109e42dfe) Generated GUIDs only implemented for interfaces!
 -> (artifact id: '1e00267b6f640b73109cfd79a2bc5a98') in 0.051200 seconds 
========================================================================
Received Import Request.
  Time since last request: 0.000064 seconds.
  path: Assets/AIUniverse/StarterAssets/ThirdPersonController/Scenes/Playground.unity
  artifactKey: Guid(e9017d5f96b9f09489b4b37e1d6eb914) Importer(2089858483,c653a7c40615fbf8c82c05b109e42dfe)
Start importing Assets/AIUniverse/StarterAssets/ThirdPersonController/Scenes/Playground.unity using Guid(e9017d5f96b9f09489b4b37e1d6eb914) Importer(2089858483,c653a7c40615fbf8c82c05b109e42dfe) Opening scene 'Assets/AIUniverse/StarterAssets/ThirdPersonController/Scenes/Playground.unity additively'
Loaded scene 'Assets/AIUniverse/StarterAssets/ThirdPersonController/Scenes/Playground.unity'
	Deserialize:            7.561 ms
	Integration:            84.218 ms
	Integration of assets:  0.005 ms
	Thread Wait Time:       0.069 ms
	Total Operation Time:   91.853 ms
Generated GUIDs only implemented for interfaces!
 -> (artifact id: '68220d2a4ff4952bf8abb1225acafbde') in 0.504269 seconds 
========================================================================
Received Import Request.
  Time since last request: 0.000039 seconds.
  path: Assets/AIUniverse/StarterAssets/Mobile/Prefabs/VirtualInputs
  artifactKey: Guid(7f242e43338822940a6223675e92f05d) Importer(2089858483,c653a7c40615fbf8c82c05b109e42dfe)
Start importing Assets/AIUniverse/StarterAssets/Mobile/Prefabs/VirtualInputs using Guid(7f242e43338822940a6223675e92f05d) Importer(2089858483,c653a7c40615fbf8c82c05b109e42dfe) Generated GUIDs only implemented for interfaces!
 -> (artifact id: '9aa6ee98a8f0f078705857f772b41500') in 0.008800 seconds 
========================================================================
Received Import Request.
  Time since last request: 0.000057 seconds.
  path: Assets/AIUniverse/StarterAssets/ThirdPersonController/Character/Animations/StarterAssetsThirdPerson.controller
  artifactKey: Guid(40db3173a05ae3242b1c182a09b0a183) Importer(2089858483,c653a7c40615fbf8c82c05b109e42dfe)
Start importing Assets/AIUniverse/StarterAssets/ThirdPersonController/Character/Animations/StarterAssetsThirdPerson.controller using Guid(40db3173a05ae3242b1c182a09b0a183) Importer(2089858483,c653a7c40615fbf8c82c05b109e42dfe) Generated GUIDs only implemented for interfaces!
 -> (artifact id: 'c698e15de1cf5bbe416d7c1c6f2100d0') in 0.050258 seconds 
========================================================================
Received Import Request.
  Time since last request: 0.000040 seconds.
  path: Assets/AIUniverse/StarterAssets/Environment/RenderPipelineProfiles/StarterAssetsHDRPVolumeProfile.asset
  artifactKey: Guid(fe05288aca2f31443877a786e771100f) Importer(2089858483,c653a7c40615fbf8c82c05b109e42dfe)
Start importing Assets/AIUniverse/StarterAssets/Environment/RenderPipelineProfiles/StarterAssetsHDRPVolumeProfile.asset using Guid(fe05288aca2f31443877a786e771100f) Importer(2089858483,c653a7c40615fbf8c82c05b109e42dfe) Generated GUIDs only implemented for interfaces!
 -> (artifact id: 'e3a78da57bc2edab1fbc212ecd2566f8') in 0.020159 seconds 
========================================================================
Received Import Request.
  Time since last request: 0.000048 seconds.
  path: Assets/AIUniverse/StarterAssets/Environment/Art/Models/Tunnel_Mesh.fbx
  artifactKey: Guid(f712806514868e54699156ec05dcb749) Importer(2089858483,c653a7c40615fbf8c82c05b109e42dfe)
Start importing Assets/AIUniverse/StarterAssets/Environment/Art/Models/Tunnel_Mesh.fbx using Guid(f712806514868e54699156ec05dcb749) Importer(2089858483,c653a7c40615fbf8c82c05b109e42dfe) Generated GUIDs only implemented for interfaces!
 -> (artifact id: '74c183468dcaab1fc6f9aebc46413136') in 0.125379 seconds 
========================================================================
Received Import Request.
  Time since last request: 0.000056 seconds.
  path: Assets/AIUniverse/StarterAssets/Environment/Art/Textures/Grid_02_BaseMap.png
  artifactKey: Guid(d9c0dd5cdac07b145be73329e489869a) Importer(2089858483,c653a7c40615fbf8c82c05b109e42dfe)
Start importing Assets/AIUniverse/StarterAssets/Environment/Art/Textures/Grid_02_BaseMap.png using Guid(d9c0dd5cdac07b145be73329e489869a) Importer(2089858483,c653a7c40615fbf8c82c05b109e42dfe) Generated GUIDs only implemented for interfaces!
 -> (artifact id: 'b68cf7a56974ec4e3b249126d6fa3e05') in 0.047545 seconds 
========================================================================
Received Import Request.
  Time since last request: 0.000052 seconds.
  path: Assets/AIUniverse/StarterAssets/ThirdPersonController/Scenes
  artifactKey: Guid(89e5f9b6a0fcdae4e8ccb4b461925e8c) Importer(2089858483,c653a7c40615fbf8c82c05b109e42dfe)
Start importing Assets/AIUniverse/StarterAssets/ThirdPersonController/Scenes using Guid(89e5f9b6a0fcdae4e8ccb4b461925e8c) Importer(2089858483,c653a7c40615fbf8c82c05b109e42dfe) Generated GUIDs only implemented for interfaces!
 -> (artifact id: '51940b111c274d63ce488ee720830479') in 0.009627 seconds 
========================================================================
Received Import Request.
  Time since last request: 0.000050 seconds.
  path: Assets/AIUniverse/StarterAssets/ThirdPersonController/Character/Sfx/Player_Footstep_10.wav
  artifactKey: Guid(a3194b8bbc96ef84fab1f98f4b7dae3e) Importer(2089858483,c653a7c40615fbf8c82c05b109e42dfe)
Start importing Assets/AIUniverse/StarterAssets/ThirdPersonController/Character/Sfx/Player_Footstep_10.wav using Guid(a3194b8bbc96ef84fab1f98f4b7dae3e) Importer(2089858483,c653a7c40615fbf8c82c05b109e42dfe) Generated GUIDs only implemented for interfaces!
 -> (artifact id: '4fc6ec22b73b670de08680cf0f45237d') in 0.078025 seconds 
========================================================================
Received Import Request.
  Time since last request: 0.000034 seconds.
  path: Assets/AIUniverse/StarterAssets/Environment/Art
  artifactKey: Guid(bc688fc4c70b02044b054f994d6e36e6) Importer(2089858483,c653a7c40615fbf8c82c05b109e42dfe)
Start importing Assets/AIUniverse/StarterAssets/Environment/Art using Guid(bc688fc4c70b02044b054f994d6e36e6) Importer(2089858483,c653a7c40615fbf8c82c05b109e42dfe) Generated GUIDs only implemented for interfaces!
 -> (artifact id: '853a76de2fc852b5b58a230f4fd6d9be') in 0.008838 seconds 
========================================================================
Received Import Request.
  Time since last request: 0.000039 seconds.
  path: Assets/AIUniverse/StarterAssets/Environment/Art/Models/Box_350x250x300_Mesh.fbx
  artifactKey: Guid(d2f0da3998423f44594868ffed55c3e6) Importer(2089858483,c653a7c40615fbf8c82c05b109e42dfe)
Start importing Assets/AIUniverse/StarterAssets/Environment/Art/Models/Box_350x250x300_Mesh.fbx using Guid(d2f0da3998423f44594868ffed55c3e6) Importer(2089858483,c653a7c40615fbf8c82c05b109e42dfe) Generated GUIDs only implemented for interfaces!
 -> (artifact id: 'bf5f496579f47464812ee24623c7a0e5') in 0.050149 seconds 
========================================================================
Received Import Request.
  Time since last request: 0.000047 seconds.
  path: Assets/AIUniverse/StarterAssets/Mobile/Scripts/VirtualInputs/UIVirtualTouchZone.cs
  artifactKey: Guid(65870f34fef70aa44b0f562cfc810220) Importer(2089858483,c653a7c40615fbf8c82c05b109e42dfe)
Start importing Assets/AIUniverse/StarterAssets/Mobile/Scripts/VirtualInputs/UIVirtualTouchZone.cs using Guid(65870f34fef70aa44b0f562cfc810220) Importer(2089858483,c653a7c40615fbf8c82c05b109e42dfe) Generated GUIDs only implemented for interfaces!
 -> (artifact id: 'ccc40935f87287a087d4c554247f4566') in 0.010732 seconds 
========================================================================
Received Import Request.
  Time since last request: 0.000055 seconds.
  path: Assets/AIUniverse/StarterAssets/ThirdPersonController/Character/Textures/Armature_Body_MetallicSmoothness.tif
  artifactKey: Guid(e73adacd5e8f6fc45a491dbd62e71ead) Importer(2089858483,c653a7c40615fbf8c82c05b109e42dfe)
Start importing Assets/AIUniverse/StarterAssets/ThirdPersonController/Character/Textures/Armature_Body_MetallicSmoothness.tif using Guid(e73adacd5e8f6fc45a491dbd62e71ead) Importer(2089858483,c653a7c40615fbf8c82c05b109e42dfe) Generated GUIDs only implemented for interfaces!
 -> (artifact id: '18f27a6656f6264e936d07176c788222') in 0.046649 seconds 
========================================================================
Received Import Request.
  Time since last request: 0.000042 seconds.
  path: Assets/AIUniverse/StarterAssets/ThirdPersonController/Scripts/BasicRigidBodyPush.cs
  artifactKey: Guid(909d917d73a63f940ac158d02e936645) Importer(2089858483,c653a7c40615fbf8c82c05b109e42dfe)
Start importing Assets/AIUniverse/StarterAssets/ThirdPersonController/Scripts/BasicRigidBodyPush.cs using Guid(909d917d73a63f940ac158d02e936645) Importer(2089858483,c653a7c40615fbf8c82c05b109e42dfe) Generated GUIDs only implemented for interfaces!
 -> (artifact id: '1d01aecf0a6dc655a8cc7ddc5d9e0e11') in 0.024054 seconds 
========================================================================
Received Import Request.
  Time since last request: 0.000036 seconds.
  path: Assets/AIUniverse/StarterAssets/InputSystem/StarterAssets.inputsettings.asset
  artifactKey: Guid(9e7be553448fa2546aea5752021cbcf7) Importer(2089858483,c653a7c40615fbf8c82c05b109e42dfe)
Start importing Assets/AIUniverse/StarterAssets/InputSystem/StarterAssets.inputsettings.asset using Guid(9e7be553448fa2546aea5752021cbcf7) Importer(2089858483,c653a7c40615fbf8c82c05b109e42dfe) Generated GUIDs only implemented for interfaces!
 -> (artifact id: '54e27b2d7f181d228de66fa58ac6db28') in 0.024216 seconds 
========================================================================
Received Import Request.
  Time since last request: 0.000033 seconds.
  path: Assets/AIUniverse/StarterAssets/TutorialInfo/Scripts/Editor/ReadmeEditor.cs
  artifactKey: Guid(476cc7d7cd9874016adc216baab94a0a) Importer(2089858483,c653a7c40615fbf8c82c05b109e42dfe)
Start importing Assets/AIUniverse/StarterAssets/TutorialInfo/Scripts/Editor/ReadmeEditor.cs using Guid(476cc7d7cd9874016adc216baab94a0a) Importer(2089858483,c653a7c40615fbf8c82c05b109e42dfe) Generated GUIDs only implemented for interfaces!
 -> (artifact id: 'cd3728ad9c1de7267197a2f947c02b43') in 0.011976 seconds 
========================================================================
Received Import Request.
  Time since last request: 0.000041 seconds.
  path: Assets/AIUniverse/StarterAssets/Environment/Prefabs/Box_350x250x300_Prefab.prefab
  artifactKey: Guid(687dbafc2b84b2846b9a4a7a7dae2a7e) Importer(2089858483,c653a7c40615fbf8c82c05b109e42dfe)
Start importing Assets/AIUniverse/StarterAssets/Environment/Prefabs/Box_350x250x300_Prefab.prefab using Guid(687dbafc2b84b2846b9a4a7a7dae2a7e) Importer(2089858483,c653a7c40615fbf8c82c05b109e42dfe) Generated GUIDs only implemented for interfaces!
 -> (artifact id: 'c575df501c65622df4675b0d52ed60af') in 0.042467 seconds 
========================================================================
Received Import Request.
  Time since last request: 0.000052 seconds.
  path: Assets/AIUniverse/StarterAssets/Environment
  artifactKey: Guid(8d8da06649314d7498296c53b4a0a77a) Importer(2089858483,c653a7c40615fbf8c82c05b109e42dfe)
Start importing Assets/AIUniverse/StarterAssets/Environment using Guid(8d8da06649314d7498296c53b4a0a77a) Importer(2089858483,c653a7c40615fbf8c82c05b109e42dfe) Generated GUIDs only implemented for interfaces!
 -> (artifact id: 'e053c3d1d3d8b34595e7644d510860f2') in 0.010556 seconds 
========================================================================
Received Import Request.
  Time since last request: 0.000056 seconds.
  path: Assets/AIUniverse/StarterAssets/ThirdPersonController/Character/Animations/Locomotion--Run_N.anim.fbx
  artifactKey: Guid(16114d403eabb53438de032c6f0d1deb) Importer(2089858483,c653a7c40615fbf8c82c05b109e42dfe)
Start importing Assets/AIUniverse/StarterAssets/ThirdPersonController/Character/Animations/Locomotion--Run_N.anim.fbx using Guid(16114d403eabb53438de032c6f0d1deb) Importer(2089858483,c653a7c40615fbf8c82c05b109e42dfe) Generated GUIDs only implemented for interfaces!
 -> (artifact id: '644a9129a60b270e646e1530bb97822a') in 0.073900 seconds 
========================================================================
Received Import Request.
  Time since last request: 0.000029 seconds.
  path: Assets/AIUniverse/StarterAssets/Mobile/Scripts/Utilities
  artifactKey: Guid(a499c73a35b488449a6f9e9db9e88120) Importer(2089858483,c653a7c40615fbf8c82c05b109e42dfe)
Start importing Assets/AIUniverse/StarterAssets/Mobile/Scripts/Utilities using Guid(a499c73a35b488449a6f9e9db9e88120) Importer(2089858483,c653a7c40615fbf8c82c05b109e42dfe) Generated GUIDs only implemented for interfaces!
 -> (artifact id: 'aef86840daf8ec8d4b8511ed0120bdfb') in 0.008116 seconds 
========================================================================
Received Import Request.
  Time since last request: 0.000047 seconds.
  path: Assets/AIUniverse/StarterAssets/Mobile
  artifactKey: Guid(14344c134ca94dc42887027aebcf24a5) Importer(2089858483,c653a7c40615fbf8c82c05b109e42dfe)
Start importing Assets/AIUniverse/StarterAssets/Mobile using Guid(14344c134ca94dc42887027aebcf24a5) Importer(2089858483,c653a7c40615fbf8c82c05b109e42dfe) Generated GUIDs only implemented for interfaces!
 -> (artifact id: '2486acffc3e79e0f47ca0c6130872af3') in 0.009061 seconds 
========================================================================
Received Import Request.
  Time since last request: 0.000034 seconds.
  path: Assets/AIUniverse/StarterAssets/Mobile/Prefabs/VirtualInputs/UI_Virtual_Joystick.prefab
  artifactKey: Guid(6eb08bfc0fd869c47b796c42ada099da) Importer(2089858483,c653a7c40615fbf8c82c05b109e42dfe)
Start importing Assets/AIUniverse/StarterAssets/Mobile/Prefabs/VirtualInputs/UI_Virtual_Joystick.prefab using Guid(6eb08bfc0fd869c47b796c42ada099da) Importer(2089858483,c653a7c40615fbf8c82c05b109e42dfe) Generated GUIDs only implemented for interfaces!
 -> (artifact id: '9dcd179d9000311373f327341a80b51e') in 0.046829 seconds 
========================================================================
Received Import Request.
  Time since last request: 0.000038 seconds.
  path: Assets/AIUniverse/StarterAssets/ThirdPersonController/Scenes/Playground/ReflectionProbe-1.exr
  artifactKey: Guid(1b8a4de7469ad774c80dd6678d94e6b9) Importer(2089858483,c653a7c40615fbf8c82c05b109e42dfe)
Start importing Assets/AIUniverse/StarterAssets/ThirdPersonController/Scenes/Playground/ReflectionProbe-1.exr using Guid(1b8a4de7469ad774c80dd6678d94e6b9) Importer(2089858483,c653a7c40615fbf8c82c05b109e42dfe) Generated GUIDs only implemented for interfaces!
 -> (artifact id: '780027de5a4882065a2da59269de04b8') in 0.043936 seconds 
========================================================================
Received Import Request.
  Time since last request: 0.000071 seconds.
  path: Assets/AIUniverse/StarterAssets/ThirdPersonController/Scenes/PlaygroundSettings.lighting
  artifactKey: Guid(3b3f7400d3526e9429c39d03afb714b3) Importer(2089858483,c653a7c40615fbf8c82c05b109e42dfe)
Start importing Assets/AIUniverse/StarterAssets/ThirdPersonController/Scenes/PlaygroundSettings.lighting using Guid(3b3f7400d3526e9429c39d03afb714b3) Importer(2089858483,c653a7c40615fbf8c82c05b109e42dfe) Generated GUIDs only implemented for interfaces!
 -> (artifact id: '1009cddb1d91c5646d9de384c579273e') in 0.046160 seconds 
========================================================================
Received Import Request.
  Time since last request: 0.000034 seconds.
  path: Assets/AIUniverse/StarterAssets/Mobile/UI/UI_Icon_Jump.png
  artifactKey: Guid(751aa1b6637101946b2fdbb7aa27d6ad) Importer(2089858483,c653a7c40615fbf8c82c05b109e42dfe)
Start importing Assets/AIUniverse/StarterAssets/Mobile/UI/UI_Icon_Jump.png using Guid(751aa1b6637101946b2fdbb7aa27d6ad) Importer(2089858483,c653a7c40615fbf8c82c05b109e42dfe) Generated GUIDs only implemented for interfaces!
 -> (artifact id: '80c5fabc13fb36ddd125e591029f2988') in 0.058340 seconds 
========================================================================
Received Import Request.
  Time since last request: 0.000047 seconds.
  path: Assets/AIUniverse/StarterAssets/ThirdPersonController/Character/Materials/M_Armature_Body.mat
  artifactKey: Guid(43714b68324cc2c409d534d9874f2a2b) Importer(2089858483,c653a7c40615fbf8c82c05b109e42dfe)
Start importing Assets/AIUniverse/StarterAssets/ThirdPersonController/Character/Materials/M_Armature_Body.mat using Guid(43714b68324cc2c409d534d9874f2a2b) Importer(2089858483,c653a7c40615fbf8c82c05b109e42dfe) Generated GUIDs only implemented for interfaces!
 -> (artifact id: '7e619d0fdfc86ec286d1002df6502158') in 0.070734 seconds 
========================================================================
Received Import Request.
  Time since last request: 0.000057 seconds.
  path: Assets/AIUniverse/StarterAssets/ThirdPersonController/Scenes/Playground/ReflectionProbe-0.exr
  artifactKey: Guid(b65762d7243eb714e903b585ed68a576) Importer(2089858483,c653a7c40615fbf8c82c05b109e42dfe)
Start importing Assets/AIUniverse/StarterAssets/ThirdPersonController/Scenes/Playground/ReflectionProbe-0.exr using Guid(b65762d7243eb714e903b585ed68a576) Importer(2089858483,c653a7c40615fbf8c82c05b109e42dfe) Generated GUIDs only implemented for interfaces!
 -> (artifact id: 'f8cfa42037e48e9ec0e02dddc6a32da2') in 0.035364 seconds 
========================================================================
Received Import Request.
  Time since last request: 0.000060 seconds.
  path: Assets/AIUniverse/StarterAssets/Environment/Prefabs/Wall_Prefab.prefab
  artifactKey: Guid(9eb847ab97b24024588682c8601254cf) Importer(2089858483,c653a7c40615fbf8c82c05b109e42dfe)
Start importing Assets/AIUniverse/StarterAssets/Environment/Prefabs/Wall_Prefab.prefab using Guid(9eb847ab97b24024588682c8601254cf) Importer(2089858483,c653a7c40615fbf8c82c05b109e42dfe) Generated GUIDs only implemented for interfaces!
 -> (artifact id: '7b020d761adf9aaaceb61fb7121ce81a') in 0.032362 seconds 
========================================================================
Received Import Request.
  Time since last request: 0.000052 seconds.
  path: Assets/AIUniverse/StarterAssets/ThirdPersonController/Character/Animations/Locomotion--Run_S.anim.fbx
  artifactKey: Guid(a073c604c44135e438eeeaef77058ac5) Importer(2089858483,c653a7c40615fbf8c82c05b109e42dfe)
Start importing Assets/AIUniverse/StarterAssets/ThirdPersonController/Character/Animations/Locomotion--Run_S.anim.fbx using Guid(a073c604c44135e438eeeaef77058ac5) Importer(2089858483,c653a7c40615fbf8c82c05b109e42dfe) Generated GUIDs only implemented for interfaces!
 -> (artifact id: 'd8ca22047d809a3ab1fc65c40500e80f') in 0.069631 seconds 
========================================================================
Received Import Request.
  Time since last request: 0.000046 seconds.
  path: Assets/AIUniverse/StarterAssets/Mobile/UI/UI_Circle_Bevel_Base.png
  artifactKey: Guid(b74c31d447d2f5d41a61081bdf5e7126) Importer(2089858483,c653a7c40615fbf8c82c05b109e42dfe)
Start importing Assets/AIUniverse/StarterAssets/Mobile/UI/UI_Circle_Bevel_Base.png using Guid(b74c31d447d2f5d41a61081bdf5e7126) Importer(2089858483,c653a7c40615fbf8c82c05b109e42dfe) Generated GUIDs only implemented for interfaces!
 -> (artifact id: '9ce68e54d0e225d324cc83dc3501d7a4') in 0.057143 seconds 
========================================================================
Received Import Request.
  Time since last request: 0.000047 seconds.
  path: Assets/AIUniverse/StarterAssets/Environment/RenderPipelineProfiles
  artifactKey: Guid(4d9eba5f689533f4196b93e67348ada3) Importer(2089858483,c653a7c40615fbf8c82c05b109e42dfe)
Start importing Assets/AIUniverse/StarterAssets/Environment/RenderPipelineProfiles using Guid(4d9eba5f689533f4196b93e67348ada3) Importer(2089858483,c653a7c40615fbf8c82c05b109e42dfe) Generated GUIDs only implemented for interfaces!
 -> (artifact id: '4bfbafee1be7d7649673adb655ef83b9') in 0.012941 seconds 
========================================================================
Received Import Request.
  Time since last request: 0.000062 seconds.
  path: Assets/AIUniverse/StarterAssets/Environment/Art/Models
  artifactKey: Guid(a725de072e7eb4d449d782a7c86fd0bf) Importer(2089858483,c653a7c40615fbf8c82c05b109e42dfe)
Start importing Assets/AIUniverse/StarterAssets/Environment/Art/Models using Guid(a725de072e7eb4d449d782a7c86fd0bf) Importer(2089858483,c653a7c40615fbf8c82c05b109e42dfe) Generated GUIDs only implemented for interfaces!
 -> (artifact id: '1eca40ea3d304713fa4fd2124b00db17') in 0.007100 seconds 
========================================================================
Received Import Request.
  Time since last request: 0.000040 seconds.
  path: Assets/AIUniverse/StarterAssets/Environment/Prefabs/Box_100x100x100_Prefab.prefab
  artifactKey: Guid(e5f4daf24146ee040b5a2d7a73b30aa0) Importer(2089858483,c653a7c40615fbf8c82c05b109e42dfe)
Start importing Assets/AIUniverse/StarterAssets/Environment/Prefabs/Box_100x100x100_Prefab.prefab using Guid(e5f4daf24146ee040b5a2d7a73b30aa0) Importer(2089858483,c653a7c40615fbf8c82c05b109e42dfe) Generated GUIDs only implemented for interfaces!
 -> (artifact id: '4921e31ee9194d376998d51becb9a5c6') in 0.026544 seconds 
========================================================================
Received Import Request.
  Time since last request: 0.000037 seconds.
  path: Assets/AIUniverse/StarterAssets/Mobile/UI
  artifactKey: Guid(e7fdf9603bb47074a9b04a3eb60ffcd8) Importer(2089858483,c653a7c40615fbf8c82c05b109e42dfe)
Start importing Assets/AIUniverse/StarterAssets/Mobile/UI using Guid(e7fdf9603bb47074a9b04a3eb60ffcd8) Importer(2089858483,c653a7c40615fbf8c82c05b109e42dfe) Generated GUIDs only implemented for interfaces!
 -> (artifact id: 'c43816bb25c9148697b7b830d643dbbd') in 0.012695 seconds 
========================================================================
Received Import Request.
  Time since last request: 0.000041 seconds.
  path: Assets/AIUniverse/StarterAssets/ThirdPersonController/Character/Textures
  artifactKey: Guid(940251fa621540241ab6a33c87cc8b7e) Importer(2089858483,c653a7c40615fbf8c82c05b109e42dfe)
Start importing Assets/AIUniverse/StarterAssets/ThirdPersonController/Character/Textures using Guid(940251fa621540241ab6a33c87cc8b7e) Importer(2089858483,c653a7c40615fbf8c82c05b109e42dfe) Generated GUIDs only implemented for interfaces!
 -> (artifact id: '1d26a3a65c9e340f676257ceb5479fdf') in 0.008893 seconds 
========================================================================
Received Import Request.
  Time since last request: 0.000049 seconds.
  path: Assets/AIUniverse/StarterAssets/ThirdPersonController/Character/Materials/M_Armature_Legs.mat
  artifactKey: Guid(8b25e99361ac31d4e9ae83c46aee69ea) Importer(2089858483,c653a7c40615fbf8c82c05b109e42dfe)
Start importing Assets/AIUniverse/StarterAssets/ThirdPersonController/Character/Materials/M_Armature_Legs.mat using Guid(8b25e99361ac31d4e9ae83c46aee69ea) Importer(2089858483,c653a7c40615fbf8c82c05b109e42dfe) Generated GUIDs only implemented for interfaces!
 -> (artifact id: '5c36e805d13799e985793c35deecb511') in 0.037130 seconds 
========================================================================
Received Import Request.
  Time since last request: 0.000051 seconds.
  path: Assets/AIUniverse/StarterAssets/Readme.asset
  artifactKey: Guid(4181bfe715a83e843b7538d750dc57cc) Importer(2089858483,c653a7c40615fbf8c82c05b109e42dfe)
Start importing Assets/AIUniverse/StarterAssets/Readme.asset using Guid(4181bfe715a83e843b7538d750dc57cc) Importer(2089858483,c653a7c40615fbf8c82c05b109e42dfe) Generated GUIDs only implemented for interfaces!
 -> (artifact id: '617c7f96563972875e865eff1c8bf5bf') in 0.017873 seconds 
========================================================================
Received Import Request.
  Time since last request: 0.000042 seconds.
  path: Assets/AIUniverse/StarterAssets/Environment/Art/Models/Wall_Mesh.fbx
  artifactKey: Guid(ff02a0a00ab750f48b09459b1cafd1b8) Importer(2089858483,c653a7c40615fbf8c82c05b109e42dfe)
Start importing Assets/AIUniverse/StarterAssets/Environment/Art/Models/Wall_Mesh.fbx using Guid(ff02a0a00ab750f48b09459b1cafd1b8) Importer(2089858483,c653a7c40615fbf8c82c05b109e42dfe) Generated GUIDs only implemented for interfaces!
 -> (artifact id: '09181e25c4a27e654d8a1dec98a6e179') in 0.058533 seconds 
========================================================================
Received Import Request.
  Time since last request: 0.000052 seconds.
  path: Assets/AIUniverse/StarterAssets/Environment/RenderPipelineProfiles/StarterAssetsURPGlobalSettings.asset
  artifactKey: Guid(d075d680cccac4178aca7c82f2c05556) Importer(2089858483,c653a7c40615fbf8c82c05b109e42dfe)
Start importing Assets/AIUniverse/StarterAssets/Environment/RenderPipelineProfiles/StarterAssetsURPGlobalSettings.asset using Guid(d075d680cccac4178aca7c82f2c05556) Importer(2089858483,c653a7c40615fbf8c82c05b109e42dfe) Generated GUIDs only implemented for interfaces!
 -> (artifact id: '84ef01040b17c523b280894e409912c7') in 0.019435 seconds 
========================================================================
Received Import Request.
  Time since last request: 0.000073 seconds.
  path: Assets/AIUniverse/StarterAssets/Environment/Art/Materials/GridBlue_01_Mat.mat
  artifactKey: Guid(ff188f58422043f489060e28a5e4e0c0) Importer(2089858483,c653a7c40615fbf8c82c05b109e42dfe)
Start importing Assets/AIUniverse/StarterAssets/Environment/Art/Materials/GridBlue_01_Mat.mat using Guid(ff188f58422043f489060e28a5e4e0c0) Importer(2089858483,c653a7c40615fbf8c82c05b109e42dfe) Generated GUIDs only implemented for interfaces!
 -> (artifact id: 'd5a6baab5fd6a4a3eca76dc7edef2d44') in 0.039151 seconds 
========================================================================
Received Import Request.
  Time since last request: 0.000047 seconds.
  path: Assets/AIUniverse/StarterAssets/ThirdPersonController/Character/Sfx/Player_Footstep_05.wav
  artifactKey: Guid(14e8a8d2158bec840b56c54f5266e692) Importer(2089858483,c653a7c40615fbf8c82c05b109e42dfe)
Start importing Assets/AIUniverse/StarterAssets/ThirdPersonController/Character/Sfx/Player_Footstep_05.wav using Guid(14e8a8d2158bec840b56c54f5266e692) Importer(2089858483,c653a7c40615fbf8c82c05b109e42dfe) Generated GUIDs only implemented for interfaces!
 -> (artifact id: '74e61806dc80f10e292b3cc0a9b5a810') in 0.088225 seconds 
========================================================================
Received Import Request.
  Time since last request: 0.000067 seconds.
  path: Assets/AIUniverse/StarterAssets/ThirdPersonController/Character/Sfx/Player_Footstep_04.wav
  artifactKey: Guid(1a91fcd19acf1e54bba0945d9f390849) Importer(2089858483,c653a7c40615fbf8c82c05b109e42dfe)
Start importing Assets/AIUniverse/StarterAssets/ThirdPersonController/Character/Sfx/Player_Footstep_04.wav using Guid(1a91fcd19acf1e54bba0945d9f390849) Importer(2089858483,c653a7c40615fbf8c82c05b109e42dfe) Generated GUIDs only implemented for interfaces!
 -> (artifact id: 'ad0bbf7107446cdffcfa7968294de4e0') in 0.094318 seconds 
========================================================================
Received Import Request.
  Time since last request: 0.000060 seconds.
  path: Assets/AIUniverse/StarterAssets/Environment/Prefabs/Stairs_200x100x200_Prefab.prefab
  artifactKey: Guid(466621a4836aa504c87c15d88722d465) Importer(2089858483,c653a7c40615fbf8c82c05b109e42dfe)
Start importing Assets/AIUniverse/StarterAssets/Environment/Prefabs/Stairs_200x100x200_Prefab.prefab using Guid(466621a4836aa504c87c15d88722d465) Importer(2089858483,c653a7c40615fbf8c82c05b109e42dfe) Generated GUIDs only implemented for interfaces!
 -> (artifact id: 'ba9b8381dcde7d068b5f79258541ceb5') in 0.124890 seconds 
========================================================================
Received Import Request.
  Time since last request: 0.000034 seconds.
  path: Assets/AIUniverse/StarterAssets/TutorialInfo
  artifactKey: Guid(d9b1ba53f81715d4a8405a40b0a1e2c1) Importer(2089858483,c653a7c40615fbf8c82c05b109e42dfe)
Start importing Assets/AIUniverse/StarterAssets/TutorialInfo using Guid(d9b1ba53f81715d4a8405a40b0a1e2c1) Importer(2089858483,c653a7c40615fbf8c82c05b109e42dfe) Generated GUIDs only implemented for interfaces!
 -> (artifact id: 'ef144635551bf6691a5d83fc7746addf') in 0.016776 seconds 
========================================================================
Received Import Request.
  Time since last request: 0.000043 seconds.
  path: Assets/AIUniverse/StarterAssets/ThirdPersonController/Prefabs
  artifactKey: Guid(84b4ab346fc32d445b7207cb1884cf42) Importer(2089858483,c653a7c40615fbf8c82c05b109e42dfe)
Start importing Assets/AIUniverse/StarterAssets/ThirdPersonController/Prefabs using Guid(84b4ab346fc32d445b7207cb1884cf42) Importer(2089858483,c653a7c40615fbf8c82c05b109e42dfe) Generated GUIDs only implemented for interfaces!
 -> (artifact id: 'da268ea2e9c571a99f90d6b293d6381d') in 0.007897 seconds 
========================================================================
Received Import Request.
  Time since last request: 0.000050 seconds.
  path: Assets/AIUniverse/StarterAssets/StarterAssets_Documentation_v1.1.pdf
  artifactKey: Guid(b5f957873a5b82042967195ffffc9063) Importer(2089858483,c653a7c40615fbf8c82c05b109e42dfe)
Start importing Assets/AIUniverse/StarterAssets/StarterAssets_Documentation_v1.1.pdf using Guid(b5f957873a5b82042967195ffffc9063) Importer(2089858483,c653a7c40615fbf8c82c05b109e42dfe) Generated GUIDs only implemented for interfaces!
 -> (artifact id: 'e25bc835add12aae1a30104e1af172f5') in 0.036935 seconds 
========================================================================
Received Import Request.
  Time since last request: 0.000066 seconds.
  path: Assets/AIUniverse/StarterAssets/ThirdPersonController/Scripts
  artifactKey: Guid(22db1f6f78cfb3440835ed6dee5f8e9e) Importer(2089858483,c653a7c40615fbf8c82c05b109e42dfe)
Start importing Assets/AIUniverse/StarterAssets/ThirdPersonController/Scripts using Guid(22db1f6f78cfb3440835ed6dee5f8e9e) Importer(2089858483,c653a7c40615fbf8c82c05b109e42dfe) Generated GUIDs only implemented for interfaces!
 -> (artifact id: 'b296806fb78d214c0a98c85de9f6c1ee') in 0.085511 seconds 
========================================================================
Received Import Request.
  Time since last request: 0.000195 seconds.
  path: Assets/AIUniverse/StarterAssets/Environment/Art/Models/Ramp_Mesh.fbx
  artifactKey: Guid(426a2785f8a940049aac2c246661cf09) Importer(2089858483,c653a7c40615fbf8c82c05b109e42dfe)
Start importing Assets/AIUniverse/StarterAssets/Environment/Art/Models/Ramp_Mesh.fbx using Guid(426a2785f8a940049aac2c246661cf09) Importer(2089858483,c653a7c40615fbf8c82c05b109e42dfe) Generated GUIDs only implemented for interfaces!
 -> (artifact id: '66ec37efecb8d66fe39375e74c030aa4') in 0.126602 seconds 
========================================================================
Received Import Request.
  Time since last request: 0.000043 seconds.
  path: Assets/AIUniverse/StarterAssets/Mobile/Prefabs/EventSystem
  artifactKey: Guid(c89b887ca267db84f895ccd75713a923) Importer(2089858483,c653a7c40615fbf8c82c05b109e42dfe)
Start importing Assets/AIUniverse/StarterAssets/Mobile/Prefabs/EventSystem using Guid(c89b887ca267db84f895ccd75713a923) Importer(2089858483,c653a7c40615fbf8c82c05b109e42dfe) Generated GUIDs only implemented for interfaces!
 -> (artifact id: '2031a369e0bfc8752ca9a91061e1eb98') in 0.008852 seconds 
========================================================================
Received Import Request.
  Time since last request: 0.000152 seconds.
  path: Assets/AIUniverse/StarterAssets/ThirdPersonController/Prefabs/PlayerCapsule.prefab
  artifactKey: Guid(2553cec8fdb3eb643bbe9f2ec880c472) Importer(2089858483,c653a7c40615fbf8c82c05b109e42dfe)
Start importing Assets/AIUniverse/StarterAssets/ThirdPersonController/Prefabs/PlayerCapsule.prefab using Guid(2553cec8fdb3eb643bbe9f2ec880c472) Importer(2089858483,c653a7c40615fbf8c82c05b109e42dfe) Generated GUIDs only implemented for interfaces!
 -> (artifact id: '5464df061148ca80918e205451aa7095') in 0.054121 seconds 
========================================================================
Received Import Request.
  Time since last request: 0.000048 seconds.
  path: Assets/AIUniverse/StarterAssets/TutorialInfo/Scripts
  artifactKey: Guid(00e1a3ea601874740b954664a078e551) Importer(2089858483,c653a7c40615fbf8c82c05b109e42dfe)
Start importing Assets/AIUniverse/StarterAssets/TutorialInfo/Scripts using Guid(00e1a3ea601874740b954664a078e551) Importer(2089858483,c653a7c40615fbf8c82c05b109e42dfe) Generated GUIDs only implemented for interfaces!
 -> (artifact id: 'd6316b7e8e39d5cfb408aa7c17bc5054') in 0.009094 seconds 
========================================================================
Received Import Request.
  Time since last request: 0.000034 seconds.
  path: Assets/AIUniverse/StarterAssets/ThirdPersonController/Character/Animations/Jump--InAir.anim.fbx
  artifactKey: Guid(063aa479676c4084ebf187660ca0a7b8) Importer(2089858483,c653a7c40615fbf8c82c05b109e42dfe)
Start importing Assets/AIUniverse/StarterAssets/ThirdPersonController/Character/Animations/Jump--InAir.anim.fbx using Guid(063aa479676c4084ebf187660ca0a7b8) Importer(2089858483,c653a7c40615fbf8c82c05b109e42dfe) Generated GUIDs only implemented for interfaces!
 -> (artifact id: '7277b39391f702b961672d86df8bbc2d') in 0.065323 seconds 
========================================================================
Received Import Request.
  Time since last request: 0.000038 seconds.
  path: Assets/AIUniverse/StarterAssets/ThirdPersonController/Scripts/ThirdPersonController.cs
  artifactKey: Guid(26e54e5a728a9234ab24fcf1460ed8a2) Importer(2089858483,c653a7c40615fbf8c82c05b109e42dfe)
Start importing Assets/AIUniverse/StarterAssets/ThirdPersonController/Scripts/ThirdPersonController.cs using Guid(26e54e5a728a9234ab24fcf1460ed8a2) Importer(2089858483,c653a7c40615fbf8c82c05b109e42dfe) Generated GUIDs only implemented for interfaces!
 -> (artifact id: '99b0c4bf482d9930e0d6c1999be32cf3') in 0.018669 seconds 
========================================================================
Received Import Request.
  Time since last request: 0.000048 seconds.
  path: Assets/AIUniverse/StarterAssets/Mobile/Scripts/VirtualInputs/UIVirtualButton.cs
  artifactKey: Guid(448cd6d8e2f2cb04096e777d99974bc4) Importer(2089858483,c653a7c40615fbf8c82c05b109e42dfe)
Start importing Assets/AIUniverse/StarterAssets/Mobile/Scripts/VirtualInputs/UIVirtualButton.cs using Guid(448cd6d8e2f2cb04096e777d99974bc4) Importer(2089858483,c653a7c40615fbf8c82c05b109e42dfe) Generated GUIDs only implemented for interfaces!
 -> (artifact id: '0b727892b20fd72876c54ac60fc81e61') in 0.019044 seconds 
========================================================================
Received Import Request.
  Time since last request: 0.000066 seconds.
  path: Assets/AIUniverse/StarterAssets/InputSystem/StarterAssets.inputactions
  artifactKey: Guid(4419d82f33d36e848b3ed5af4c8da37e) Importer(2089858483,c653a7c40615fbf8c82c05b109e42dfe)
Start importing Assets/AIUniverse/StarterAssets/InputSystem/StarterAssets.inputactions using Guid(4419d82f33d36e848b3ed5af4c8da37e) Importer(2089858483,c653a7c40615fbf8c82c05b109e42dfe) Generated GUIDs only implemented for interfaces!
 -> (artifact id: '94838956ecd7be3cb758c4f35a2cd259') in 0.065059 seconds 
========================================================================
Received Prepare
Registering precompiled user dll's ...
Registered in 0.027477 seconds.
Begin MonoManager ReloadAssembly
Symbol file LoadedFromMemory doesn't match image C:\Users\marta\Documents\GitHub\FindingHope\FindingHopeProject\Library\PackageCache\com.unity.visualscripting@1.8.0\Editor\VisualScripting.Core\Dependencies\DotNetZip\Unity.VisualScripting.IonicZip.dll
Symbol file LoadedFromMemory is not a mono symbol file
Symbol file LoadedFromMemory doesn't match image C:\Users\marta\Documents\GitHub\FindingHope\FindingHopeProject\Library\PackageCache\com.unity.visualscripting@1.8.0\Editor\VisualScripting.Core\Dependencies\YamlDotNet\Unity.VisualScripting.YamlDotNet.dll
Native extension for WindowsStandalone target not found
Native extension for iOS target not found
Native extension for Android target not found
Native extension for WebGL target not found
Refreshing native plugins compatible for Editor in 2.53 ms, found 6 plugins.
Preloading 0 native plugins for Editor in 0.00 ms.
Mono: successfully reloaded assembly
- Completed reload, in  2.539 seconds
Domain Reload Profiling:
	ReloadAssembly (2540ms)
		BeginReloadAssembly (298ms)
			ExecutionOrderSort (0ms)
			DisableScriptedObjects (14ms)
			BackupInstance (0ms)
			ReleaseScriptingObjects (0ms)
			CreateAndSetChildDomain (100ms)
		EndReloadAssembly (2046ms)
			LoadAssemblies (210ms)
			RebuildTransferFunctionScriptingTraits (0ms)
			SetupTypeCache (574ms)
			ReleaseScriptCaches (3ms)
			RebuildScriptCaches (93ms)
			SetupLoadedEditorAssemblies (1012ms)
				LogAssemblyErrors (0ms)
				InitializePlatformSupportModulesInManaged (61ms)
				SetLoadedEditorAssemblies (1ms)
				RefreshPlugins (3ms)
				BeforeProcessingInitializeOnLoad (199ms)
				ProcessInitializeOnLoadAttributes (573ms)
				ProcessInitializeOnLoadMethodAttributes (155ms)
				AfterProcessingInitializeOnLoad (20ms)
				EditorAssembliesLoaded (0ms)
			ExecutionOrderSort2 (0ms)
			AwakeInstancesAfterBackupRestoration (32ms)
Platform modules already initialized, skipping
Refreshing native plugins compatible for Editor in 13.25 ms, found 6 plugins.
Preloading 0 native plugins for Editor in 0.00 ms.
Unloading 5996 Unused Serialized files (Serialized files now loaded: 0)
Unloading 78 unused Assets / (2.1 MB). Loaded Objects now: 6601.
Memory consumption went from 243.5 MB to 241.3 MB.
Total: 10.733600 ms (FindLiveObjects: 0.854500 ms CreateObjectMapping: 0.770600 ms MarkObjects: 7.544500 ms  DeleteObjects: 1.561100 ms)

AssetImportParameters requested are different than current active one (requested -> active):
  custom:video-decoder-ogg-theora: a1e56fd34408186e4bbccfd4996cb3dc -> 
  custom:container-muxer-webm: aa71ff27fc2769a1b78a27578f13a17b -> 
  custom:container-demuxer-webm: 4f35f7cbe854078d1ac9338744f61a02 -> 
  custom:video-encoder-webm-vp8: eb34c28f22e8b96e1ab97ce403110664 -> 
  custom:audio-encoder-webm-vorbis: bf7c407c2cedff20999df2af8eb42d56 -> 
  custom:framework-win-MediaFoundation: 216162199b28c13a410421893ffa2e32 -> 
  custom:container-demuxer-ogg: 62fdf1f143b41e24485cea50d1cbac27 -> 
  custom:video-decoder-webm-vp8: 9c59270c3fd7afecdb556c50c9e8de78 -> 
  custom:audio-decoder-ogg-vorbis: bf7c407c2cedff20999df2af8eb42d56 -> 
Editor requested this worker to shutdown with reason: Scaling down because of idle timeout
AssetImportWorker is now disconnected from the server
Process exiting
Exiting without the bug reporter. Application will terminate with return code 0